<?xml version="1.0" encoding="UTF-8"?>
<!-- Generated by org.testng.reporters.JUnitXMLReporter -->
<testsuite ignored="1" hostname="LAPTOP-PTSLO3OM" failures="2" tests="2" name="Test" time="132.069" errors="0" timestamp="2024-06-03T11:08:57 IST">
  <testcase classname="tests.SubmitOrder" name="validateBlinkMsg" time="0.745">
    <failure type="java.lang.AssertionError" message="expected [Register to sign in with your personal account.] but found [Register to sign in with your personal account]">
      <![CDATA[java.lang.AssertionError: expected [Register to sign in with your personal account.] but found [Register to sign in with your personal account]
at tests.SubmitOrder.validateBlinkMsg(SubmitOrder.java:30)
at java.base/java.util.ArrayList.forEach(ArrayList.java:1511)
... Removed 33 stack frames]]>
    </failure>
  </testcase> <!-- validateBlinkMsg -->
  <testcase classname="tests.SubmitOrder" name="errorValidation" time="5.525">
    <failure type="java.lang.AssertionError" message="expected [Incorrect email or password] but found [Login Successfully]">
      <![CDATA[java.lang.AssertionError: expected [Incorrect email or password] but found [Login Successfully]
at tests.SubmitOrder.errorValidation(SubmitOrder.java:36)
at java.base/java.util.ArrayList.forEach(ArrayList.java:1511)
... Removed 33 stack frames]]>
    </failure>
  </testcase> <!-- errorValidation -->
  <testcase classname="tests.SubmitOrder" name="placeOrder" time="0.0">
    <ignored/>
  </testcase> <!-- placeOrder -->
</testsuite> <!-- Test -->
